C:\Program Files (x86)\Microsoft Visual Studio\2019\Community\MSBuild\Microsoft\VC\v160\Microsoft.CppBuild.targets(491,5): warning MSB8028: El directorio intermedio (Release\) contiene archivos compartidos de otro proyecto (Practica5.vcxproj, RelojAnalogico.vcxproj). Esto puede dar lugar a un comportamiento incorrecto de limpieza y recompilación.
  RelojAnalogico.cpp
C:\UPV\SGI\Practica\Practicas\Practica5\RelojAnalogico.cpp(29,33): warning C4305: 'inicializando': truncamiento de 'double' a 'float'
C:\UPV\SGI\Practica\Practicas\Practica5\RelojAnalogico.cpp(43,113): warning C4244: 'argumento': conversión de 'double' a 'GLfloat'; posible pérdida de datos
C:\UPV\SGI\Practica\Practicas\Practica5\RelojAnalogico.cpp(43,77): warning C4244: 'argumento': conversión de 'double' a 'GLfloat'; posible pérdida de datos
C:\UPV\SGI\Practica\Practicas\Practica5\RelojAnalogico.cpp(43,41): warning C4244: 'argumento': conversión de 'double' a 'GLfloat'; posible pérdida de datos
C:\UPV\SGI\Practica\Practicas\Practica5\RelojAnalogico.cpp(47,31): warning C4244: '=': conversión de 'double' a 'GLfloat'; posible pérdida de datos
C:\UPV\SGI\Practica\Practicas\Practica5\RelojAnalogico.cpp(63,33): warning C4244: '=': conversión de 'double' a 'GLfloat'; posible pérdida de datos
C:\UPV\SGI\Practica\Practicas\Practica5\RelojAnalogico.cpp(66,27): warning C4244: 'argumento': conversión de 'double' a 'GLfloat'; posible pérdida de datos
C:\UPV\SGI\Practica\Practicas\Practica5\RelojAnalogico.cpp(66,18): warning C4244: 'argumento': conversión de 'double' a 'GLfloat'; posible pérdida de datos
C:\UPV\SGI\Practica\Practicas\Practica5\RelojAnalogico.cpp(67,27): warning C4244: 'argumento': conversión de 'double' a 'GLfloat'; posible pérdida de datos
C:\UPV\SGI\Practica\Practicas\Practica5\RelojAnalogico.cpp(67,18): warning C4244: 'argumento': conversión de 'double' a 'GLfloat'; posible pérdida de datos
C:\UPV\SGI\Practica\Practicas\Practica5\RelojAnalogico.cpp(77,27): warning C4305: 'argumento': truncamiento de 'double' a 'GLfloat'
C:\UPV\SGI\Practica\Practicas\Practica5\RelojAnalogico.cpp(106,115): warning C4244: 'argumento': conversión de 'int' a 'GLfloat'; posible pérdida de datos
C:\UPV\SGI\Practica\Practicas\Practica5\RelojAnalogico.cpp(106,79): warning C4244: 'argumento': conversión de 'int' a 'GLfloat'; posible pérdida de datos
C:\UPV\SGI\Practica\Practicas\Practica5\RelojAnalogico.cpp(106,43): warning C4244: 'argumento': conversión de 'int' a 'GLfloat'; posible pérdida de datos
C:\UPV\SGI\Practica\Practicas\Practica5\RelojAnalogico.cpp(162,55): warning C4244: '=': conversión de 'double' a 'float'; posible pérdida de datos
C:\UPV\SGI\Practica\Practicas\Practica5\RelojAnalogico.cpp(222,20): warning C4101: 'tiempoTranscurrido': variable local sin referencia
C:\UPV\SGI\Practica\Practicas\Practica5\RelojAnalogico.cpp(222,8): warning C4101: 'horaActual': variable local sin referencia
C:\UPV\SGI\Practica\Practicas\Practica5\RelojAnalogico.cpp(236,1): warning C4326: el tipo de valor devuelto de 'main' debe ser 'int' en lugar de 'void'
  SeminarioEjer1.cpp
  SeminarioEjer2.cpp
  Generando código
  Previous IPDB not found, fall back to full compilation.
  All 35 functions were compiled because no usable IPDB/IOBJ from previous compilation was found.
  Generación de código finalizada
  Practica5.vcxproj -> C:\UPV\SGI\Practica\Practicas\Practica5\Practica5 RelojAnalogico.exe
